::1 - - [24/Jul/2023:13:01:27 +0000] "GET /user HTTP/1.1" 200 12 "-" "PostmanRuntime/7.29.0"
::1 - - [24/Jul/2023:13:01:50 +0000] "POST /user HTTP/1.1" 200 95 "-" "PostmanRuntime/7.29.0"
::1 - - [24/Jul/2023:13:10:00 +0000] "GET /user HTTP/1.1" 200 27 "-" "PostmanRuntime/7.29.0"
::1 - - [24/Jul/2023:13:10:15 +0000] "GET /user?email=%27 HTTP/1.1" 500 1135 "-" "PostmanRuntime/7.29.0"
::1 - - [24/Jul/2023:13:10:22 +0000] "GET /user?email=q HTTP/1.1" 500 1135 "-" "PostmanRuntime/7.29.0"
::1 - - [24/Jul/2023:13:11:43 +0000] "GET /user?email=q HTTP/1.1" 500 1131 "-" "PostmanRuntime/7.29.0"
::1 - - [24/Jul/2023:13:11:44 +0000] "GET /user?email=q HTTP/1.1" 500 1131 "-" "PostmanRuntime/7.29.0"
::1 - - [24/Jul/2023:13:12:13 +0000] "GET /user HTTP/1.1" 200 27 "-" "PostmanRuntime/7.29.0"
::1 - - [24/Jul/2023:13:12:32 +0000] "GET /user?email=1 HTTP/1.1" 500 1131 "-" "PostmanRuntime/7.29.0"
::1 - - [24/Jul/2023:13:18:27 +0000] "GET /user?email=1 HTTP/1.1" 200 12 "-" "PostmanRuntime/7.29.0"
::1 - - [24/Jul/2023:13:18:53 +0000] "GET /user?email= HTTP/1.1" 200 12 "-" "PostmanRuntime/7.29.0"
::1 - - [24/Jul/2023:13:19:03 +0000] "GET /user HTTP/1.1" 200 27 "-" "PostmanRuntime/7.29.0"
::1 - - [25/Jul/2023:07:56:33 +0000] "GET /user HTTP/1.1" 200 27 "-" "PostmanRuntime/7.29.0"
::1 - - [25/Jul/2023:07:57:01 +0000] "GET / HTTP/1.1" 404 139 "-" "Mozilla/5.0 (Windows NT 10.0; Win64; x64) AppleWebKit/537.36 (KHTML, like Gecko) Chrome/114.0.0.0 Safari/537.36"
::1 - - [25/Jul/2023:14:19:54 +0000] "GET /users HTTP/1.1" 200 2 "-" "PostmanRuntime/7.29.0"
::1 - - [25/Jul/2023:14:21:24 +0000] "GET /users HTTP/1.1" 200 2 "-" "PostmanRuntime/7.29.0"
::1 - - [25/Jul/2023:14:21:46 +0000] "GET /users HTTP/1.1" 200 2 "-" "PostmanRuntime/7.29.0"
::1 - - [25/Jul/2023:14:21:51 +0000] "POST /users HTTP/1.1" 201 2 "-" "PostmanRuntime/7.29.0"
::1 - - [25/Jul/2023:14:21:54 +0000] "POST /users HTTP/1.1" 201 2 "-" "PostmanRuntime/7.29.0"
::1 - - [25/Jul/2023:14:22:37 +0000] "POST /users HTTP/1.1" 201 2 "-" "PostmanRuntime/7.29.0"
::1 - - [25/Jul/2023:14:23:04 +0000] "POST /users HTTP/1.1" 201 87 "-" "PostmanRuntime/7.29.0"
::1 - - [25/Jul/2023:14:24:20 +0000] "GET /users HTTP/1.1" 200 443 "-" "PostmanRuntime/7.29.0"
::1 - - [25/Jul/2023:14:27:56 +0000] "GET /users/1 HTTP/1.1" 200 88 "-" "PostmanRuntime/7.29.0"
::1 - - [25/Jul/2023:14:28:15 +0000] "PUT /users/1 HTTP/1.1" 200 129 "-" "PostmanRuntime/7.29.0"
::1 - - [25/Jul/2023:14:28:33 +0000] "PUT /users/1 HTTP/1.1" 200 129 "-" "PostmanRuntime/7.29.0"
