::1 - - [07/Aug/2023:13:03:32 +0000] "GET /users HTTP/1.1" 200 15 "-" "PostmanRuntime/7.29.0"
::1 - - [07/Aug/2023:13:37:48 +0000] "GET /users?name=s HTTP/1.1" 500 35 "-" "PostmanRuntime/7.29.0"
::1 - - [07/Aug/2023:13:38:53 +0000] "GET /users?name=s HTTP/1.1" 500 35 "-" "PostmanRuntime/7.29.0"
::1 - - [07/Aug/2023:13:39:47 +0000] "GET /users?name=s HTTP/1.1" 500 35 "-" "PostmanRuntime/7.29.0"
::1 - - [07/Aug/2023:13:42:27 +0000] "GET /users?name=s HTTP/1.1" 500 35 "-" "PostmanRuntime/7.29.0"
::1 - - [07/Aug/2023:13:42:30 +0000] "GET /users?name=s HTTP/1.1" 500 35 "-" "PostmanRuntime/7.29.0"
::1 - - [07/Aug/2023:13:49:06 +0000] "GET /users?name=s HTTP/1.1" 500 35 "-" "PostmanRuntime/7.29.0"
::1 - - [07/Aug/2023:13:49:07 +0000] "GET /users?name=s HTTP/1.1" 500 35 "-" "PostmanRuntime/7.29.0"
::1 - - [07/Aug/2023:13:49:08 +0000] "GET /users?name=s HTTP/1.1" 500 35 "-" "PostmanRuntime/7.29.0"
::1 - - [07/Aug/2023:13:49:09 +0000] "GET /users?name=s HTTP/1.1" 500 35 "-" "PostmanRuntime/7.29.0"
::1 - - [07/Aug/2023:13:49:09 +0000] "GET /users?name=s HTTP/1.1" 500 35 "-" "PostmanRuntime/7.29.0"
::1 - - [07/Aug/2023:13:49:10 +0000] "GET /users?name=s HTTP/1.1" 500 35 "-" "PostmanRuntime/7.29.0"
::1 - - [07/Aug/2023:13:50:05 +0000] "GET /users?name=s HTTP/1.1" 500 35 "-" "PostmanRuntime/7.29.0"
::1 - - [07/Aug/2023:13:50:11 +0000] "GET /users?name=q HTTP/1.1" 500 35 "-" "PostmanRuntime/7.29.0"
::1 - - [07/Aug/2023:13:50:13 +0000] "GET /users?name=q HTTP/1.1" 500 35 "-" "PostmanRuntime/7.29.0"
::1 - - [07/Aug/2023:13:50:13 +0000] "GET /users?name=q HTTP/1.1" 500 35 "-" "PostmanRuntime/7.29.0"
::1 - - [07/Aug/2023:13:50:14 +0000] "GET /users?name=q HTTP/1.1" 500 35 "-" "PostmanRuntime/7.29.0"
::1 - - [07/Aug/2023:13:51:16 +0000] "GET /users?name=q HTTP/1.1" 500 35 "-" "PostmanRuntime/7.29.0"
::1 - - [07/Aug/2023:13:51:16 +0000] "GET /users?name=q HTTP/1.1" 500 35 "-" "PostmanRuntime/7.29.0"
::1 - - [07/Aug/2023:13:51:17 +0000] "GET /users?name=q HTTP/1.1" 500 35 "-" "PostmanRuntime/7.29.0"
::1 - - [07/Aug/2023:13:51:17 +0000] "GET /users?name=q HTTP/1.1" 500 35 "-" "PostmanRuntime/7.29.0"
::1 - - [07/Aug/2023:13:51:18 +0000] "GET /users?name=q HTTP/1.1" 500 35 "-" "PostmanRuntime/7.29.0"
::1 - - [07/Aug/2023:13:51:18 +0000] "GET /users?name=q HTTP/1.1" 500 35 "-" "PostmanRuntime/7.29.0"
::1 - - [07/Aug/2023:13:51:18 +0000] "GET /users?name=q HTTP/1.1" 500 35 "-" "PostmanRuntime/7.29.0"
::1 - - [07/Aug/2023:13:51:42 +0000] "GET /users?name=q HTTP/1.1" 500 35 "-" "PostmanRuntime/7.29.0"
::1 - - [07/Aug/2023:13:51:43 +0000] "GET /users?name=q HTTP/1.1" 500 35 "-" "PostmanRuntime/7.29.0"
::1 - - [07/Aug/2023:13:54:32 +0000] "GET /users?name=q HTTP/1.1" 500 35 "-" "PostmanRuntime/7.29.0"
::1 - - [07/Aug/2023:13:57:46 +0000] "GET /user?name=q HTTP/1.1" 404 143 "-" "PostmanRuntime/7.29.0"
::1 - - [07/Aug/2023:13:57:54 +0000] "GET /users?name=q HTTP/1.1" 500 35 "-" "PostmanRuntime/7.29.0"
::1 - - [07/Aug/2023:14:06:26 +0000] "GET /users?name=q HTTP/1.1" 500 35 "-" "PostmanRuntime/7.29.0"
::1 - - [07/Aug/2023:14:06:36 +0000] "GET /users?name=q HTTP/1.1" 500 35 "-" "PostmanRuntime/7.29.0"
::1 - - [07/Aug/2023:14:07:34 +0000] "GET /users?name=q HTTP/1.1" 500 35 "-" "PostmanRuntime/7.29.0"
::1 - - [07/Aug/2023:14:08:44 +0000] "GET /users?name=q HTTP/1.1" 500 35 "-" "PostmanRuntime/7.29.0"
::1 - - [07/Aug/2023:14:08:45 +0000] "GET /users?name=q HTTP/1.1" 500 35 "-" "PostmanRuntime/7.29.0"
::1 - - [07/Aug/2023:14:08:46 +0000] "GET /users?name=q HTTP/1.1" 500 35 "-" "PostmanRuntime/7.29.0"
::1 - - [07/Aug/2023:14:10:39 +0000] "GET /users?name=q HTTP/1.1" 500 35 "-" "PostmanRuntime/7.29.0"
::1 - - [07/Aug/2023:14:18:10 +0000] "GET /users?name=q HTTP/1.1" 500 35 "-" "PostmanRuntime/7.29.0"
::1 - - [07/Aug/2023:14:19:02 +0000] "GET /users?name=q HTTP/1.1" 500 35 "-" "PostmanRuntime/7.29.0"
::1 - - [07/Aug/2023:14:19:04 +0000] "GET /users?name=q HTTP/1.1" 500 35 "-" "PostmanRuntime/7.29.0"
::1 - - [07/Aug/2023:14:19:28 +0000] "GET /users?name=q HTTP/1.1" 500 35 "-" "PostmanRuntime/7.29.0"
::1 - - [07/Aug/2023:14:19:29 +0000] "GET /users?name=q HTTP/1.1" 500 35 "-" "PostmanRuntime/7.29.0"
::1 - - [07/Aug/2023:14:19:29 +0000] "GET /users?name=q HTTP/1.1" 500 35 "-" "PostmanRuntime/7.29.0"
::1 - - [07/Aug/2023:14:19:30 +0000] "GET /users?name=q HTTP/1.1" 500 35 "-" "PostmanRuntime/7.29.0"
::1 - - [07/Aug/2023:14:19:30 +0000] "GET /users?name=q HTTP/1.1" 500 35 "-" "PostmanRuntime/7.29.0"
::1 - - [07/Aug/2023:14:19:35 +0000] "GET /users?name=q HTTP/1.1" 500 35 "-" "PostmanRuntime/7.29.0"
::1 - - [07/Aug/2023:14:19:51 +0000] "POST /users?name=q HTTP/1.1" - - "-" "PostmanRuntime/7.29.0"
::1 - - [07/Aug/2023:14:19:53 +0000] "GET /users?name=q HTTP/1.1" 500 35 "-" "PostmanRuntime/7.29.0"
::1 - - [07/Aug/2023:14:22:05 +0000] "GET /users?name=q HTTP/1.1" 500 35 "-" "PostmanRuntime/7.29.0"
::1 - - [07/Aug/2023:14:22:31 +0000] "GET /users?name=q HTTP/1.1" 500 35 "-" "PostmanRuntime/7.29.0"
::1 - - [07/Aug/2023:14:22:33 +0000] "GET /users?name=q HTTP/1.1" 500 35 "-" "PostmanRuntime/7.29.0"
::1 - - [07/Aug/2023:14:22:33 +0000] "GET /users?name=q HTTP/1.1" 500 35 "-" "PostmanRuntime/7.29.0"
::1 - - [07/Aug/2023:14:22:34 +0000] "GET /users?name=q HTTP/1.1" 500 35 "-" "PostmanRuntime/7.29.0"
::1 - - [07/Aug/2023:14:22:34 +0000] "GET /users?name=q HTTP/1.1" 500 35 "-" "PostmanRuntime/7.29.0"
::1 - - [07/Aug/2023:14:22:35 +0000] "GET /users?name=q HTTP/1.1" 500 35 "-" "PostmanRuntime/7.29.0"
::1 - - [07/Aug/2023:14:22:35 +0000] "GET /users?name=q HTTP/1.1" 500 35 "-" "PostmanRuntime/7.29.0"
::1 - - [07/Aug/2023:14:22:36 +0000] "GET /users?name=q HTTP/1.1" 500 35 "-" "PostmanRuntime/7.29.0"
::1 - - [07/Aug/2023:14:23:20 +0000] "GET /users?name=q HTTP/1.1" 500 35 "-" "PostmanRuntime/7.29.0"
::1 - - [07/Aug/2023:14:24:31 +0000] "GET /users?name=q HTTP/1.1" 500 35 "-" "PostmanRuntime/7.29.0"
::1 - - [07/Aug/2023:14:24:32 +0000] "GET /users?name=q HTTP/1.1" 500 35 "-" "PostmanRuntime/7.29.0"
::1 - - [07/Aug/2023:14:24:33 +0000] "GET /users?name=q HTTP/1.1" 500 35 "-" "PostmanRuntime/7.29.0"
::1 - - [07/Aug/2023:14:24:42 +0000] "GET /users?name=q HTTP/1.1" 500 35 "-" "PostmanRuntime/7.29.0"
::1 - - [07/Aug/2023:14:24:42 +0000] "GET /users?name=q HTTP/1.1" 500 35 "-" "PostmanRuntime/7.29.0"
::1 - - [07/Aug/2023:14:24:43 +0000] "GET /users?name=q HTTP/1.1" 500 35 "-" "PostmanRuntime/7.29.0"
::1 - - [07/Aug/2023:14:24:43 +0000] "GET /users?name=q HTTP/1.1" 500 35 "-" "PostmanRuntime/7.29.0"
::1 - - [07/Aug/2023:14:24:44 +0000] "GET /users?name=q HTTP/1.1" 500 35 "-" "PostmanRuntime/7.29.0"
::1 - - [08/Aug/2023:08:45:01 +0000] "GET /users?name=q HTTP/1.1" 500 35 "-" "PostmanRuntime/7.29.0"
::1 - - [08/Aug/2023:08:47:54 +0000] "GET /users?name=q HTTP/1.1" 200 12 "-" "PostmanRuntime/7.29.0"
::1 - - [08/Aug/2023:08:48:03 +0000] "GET /users?name=s HTTP/1.1" 200 416 "-" "PostmanRuntime/7.29.0"
::1 - - [08/Aug/2023:08:48:50 +0000] "GET /users?name=s HTTP/1.1" 200 416 "-" "PostmanRuntime/7.29.0"
::1 - - [08/Aug/2023:08:48:52 +0000] "GET /users?name=s HTTP/1.1" 200 416 "-" "PostmanRuntime/7.29.0"
::1 - - [08/Aug/2023:08:51:02 +0000] "GET /users?name=s HTTP/1.1" 200 416 "-" "PostmanRuntime/7.29.0"
::1 - - [08/Aug/2023:08:51:03 +0000] "GET /users?name=s HTTP/1.1" 200 416 "-" "PostmanRuntime/7.29.0"
::1 - - [08/Aug/2023:08:51:04 +0000] "GET /users?name=s HTTP/1.1" 200 416 "-" "PostmanRuntime/7.29.0"
::1 - - [08/Aug/2023:08:51:09 +0000] "GET /users?name=s HTTP/1.1" 200 416 "-" "PostmanRuntime/7.29.0"
::1 - - [08/Aug/2023:08:51:09 +0000] "GET /users?name=s HTTP/1.1" 200 416 "-" "PostmanRuntime/7.29.0"
::1 - - [08/Aug/2023:08:51:43 +0000] "GET /users?name=s HTTP/1.1" 500 35 "-" "PostmanRuntime/7.29.0"
::1 - - [08/Aug/2023:08:51:44 +0000] "GET /users?name=s HTTP/1.1" 500 35 "-" "PostmanRuntime/7.29.0"
::1 - - [08/Aug/2023:08:53:11 +0000] "GET /users?name=s HTTP/1.1" 200 416 "-" "PostmanRuntime/7.29.0"
::1 - - [08/Aug/2023:08:53:25 +0000] "GET /users?name=s HTTP/1.1" 200 416 "-" "PostmanRuntime/7.29.0"
::1 - - [08/Aug/2023:08:54:45 +0000] "GET /users/1 HTTP/1.1" - - "-" "Mozilla/5.0 (Windows NT 10.0; Win64; x64) AppleWebKit/537.36 (KHTML, like Gecko) Chrome/115.0.0.0 Safari/537.36"
::1 - - [08/Aug/2023:08:54:45 +0000] "GET /users HTTP/1.1" 200 12 "-" "Mozilla/5.0 (Windows NT 10.0; Win64; x64) AppleWebKit/537.36 (KHTML, like Gecko) Chrome/115.0.0.0 Safari/537.36"
::1 - - [08/Aug/2023:08:54:45 +0000] "GET /favicon.ico HTTP/1.1" 404 150 "http://localhost:8001/users" "Mozilla/5.0 (Windows NT 10.0; Win64; x64) AppleWebKit/537.36 (KHTML, like Gecko) Chrome/115.0.0.0 Safari/537.36"
::1 - - [08/Aug/2023:08:54:57 +0000] "GET /users HTTP/1.1" 304 - "-" "Mozilla/5.0 (Windows NT 10.0; Win64; x64) AppleWebKit/537.36 (KHTML, like Gecko) Chrome/115.0.0.0 Safari/537.36"
::1 - - [08/Aug/2023:08:54:58 +0000] "GET /users HTTP/1.1" 304 - "-" "Mozilla/5.0 (Windows NT 10.0; Win64; x64) AppleWebKit/537.36 (KHTML, like Gecko) Chrome/115.0.0.0 Safari/537.36"
::1 - - [08/Aug/2023:08:55:26 +0000] "GET /users HTTP/1.1" 304 - "-" "Mozilla/5.0 (Windows NT 10.0; Win64; x64) AppleWebKit/537.36 (KHTML, like Gecko) Chrome/115.0.0.0 Safari/537.36"
::1 - - [08/Aug/2023:08:55:29 +0000] "GET /users?name=s HTTP/1.1" 200 416 "-" "Mozilla/5.0 (Windows NT 10.0; Win64; x64) AppleWebKit/537.36 (KHTML, like Gecko) Chrome/115.0.0.0 Safari/537.36"
::1 - - [08/Aug/2023:08:56:14 +0000] "GET /users?name=s HTTP/1.1" 304 - "-" "Mozilla/5.0 (Windows NT 10.0; Win64; x64) AppleWebKit/537.36 (KHTML, like Gecko) Chrome/115.0.0.0 Safari/537.36"
::1 - - [08/Aug/2023:08:58:58 +0000] "GET /users?name=q HTTP/1.1" 200 12 "-" "Mozilla/5.0 (Windows NT 10.0; Win64; x64) AppleWebKit/537.36 (KHTML, like Gecko) Chrome/115.0.0.0 Safari/537.36"
::1 - - [08/Aug/2023:08:59:16 +0000] "GET /users?name=ng HTTP/1.1" 200 454 "-" "Mozilla/5.0 (Windows NT 10.0; Win64; x64) AppleWebKit/537.36 (KHTML, like Gecko) Chrome/115.0.0.0 Safari/537.36"
::1 - - [08/Aug/2023:09:03:25 +0000] "GET /users?name=ng HTTP/1.1" 304 - "-" "Mozilla/5.0 (Windows NT 10.0; Win64; x64) AppleWebKit/537.36 (KHTML, like Gecko) Chrome/115.0.0.0 Safari/537.36"
::1 - - [08/Aug/2023:09:03:33 +0000] "GET /users?name= HTTP/1.1" 200 1084 "-" "Mozilla/5.0 (Windows NT 10.0; Win64; x64) AppleWebKit/537.36 (KHTML, like Gecko) Chrome/115.0.0.0 Safari/537.36"
::1 - - [08/Aug/2023:09:03:38 +0000] "GET /users HTTP/1.1" 200 1084 "-" "Mozilla/5.0 (Windows NT 10.0; Win64; x64) AppleWebKit/537.36 (KHTML, like Gecko) Chrome/115.0.0.0 Safari/537.36"
::1 - - [08/Aug/2023:09:03:39 +0000] "GET /users HTTP/1.1" 304 - "-" "Mozilla/5.0 (Windows NT 10.0; Win64; x64) AppleWebKit/537.36 (KHTML, like Gecko) Chrome/115.0.0.0 Safari/537.36"
::1 - - [08/Aug/2023:09:11:59 +0000] "GET /users HTTP/1.1" 304 - "-" "Mozilla/5.0 (Windows NT 10.0; Win64; x64) AppleWebKit/537.36 (KHTML, like Gecko) Chrome/115.0.0.0 Safari/537.36"
::1 - - [08/Aug/2023:09:12:27 +0000] "GET /users HTTP/1.1" 200 12 "-" "Mozilla/5.0 (Windows NT 10.0; Win64; x64) AppleWebKit/537.36 (KHTML, like Gecko) Chrome/115.0.0.0 Safari/537.36"
::1 - - [08/Aug/2023:09:36:08 +0000] "GET /users?name=s HTTP/1.1" 200 416 "-" "PostmanRuntime/7.29.0"
::1 - - [08/Aug/2023:09:52:44 +0000] "GET /users?name=s HTTP/1.1" 200 416 "-" "PostmanRuntime/7.29.0"
::1 - - [08/Aug/2023:09:52:46 +0000] "GET /users?name=s HTTP/1.1" 200 416 "-" "PostmanRuntime/7.29.0"
::1 - - [08/Aug/2023:09:52:55 +0000] "GET /users?name=s HTTP/1.1" 500 35 "-" "PostmanRuntime/7.29.0"
::1 - - [08/Aug/2023:09:54:27 +0000] "GET /users?name=s HTTP/1.1" 200 416 "-" "PostmanRuntime/7.29.0"
::1 - - [08/Aug/2023:09:56:08 +0000] "GET /users?name=s HTTP/1.1" 200 416 "-" "PostmanRuntime/7.29.0"
::1 - - [08/Aug/2023:15:00:35 +0000] "GET /users?name=s HTTP/1.1" 200 416 "-" "PostmanRuntime/7.29.0"
::1 - - [09/Aug/2023:01:58:22 +0000] "GET /users HTTP/1.1" 304 - "-" "Mozilla/5.0 (Windows NT 10.0; Win64; x64) AppleWebKit/537.36 (KHTML, like Gecko) Chrome/115.0.0.0 Safari/537.36"
::1 - - [09/Aug/2023:01:58:22 +0000] "GET /favicon.ico HTTP/1.1" 404 150 "http://localhost:8001/users" "Mozilla/5.0 (Windows NT 10.0; Win64; x64) AppleWebKit/537.36 (KHTML, like Gecko) Chrome/115.0.0.0 Safari/537.36"
::1 - - [09/Aug/2023:01:58:29 +0000] "GET /users?name=ng HTTP/1.1" 304 - "-" "Mozilla/5.0 (Windows NT 10.0; Win64; x64) AppleWebKit/537.36 (KHTML, like Gecko) Chrome/115.0.0.0 Safari/537.36"
::1 - - [09/Aug/2023:02:51:59 +0000] "GET /users?name=ng HTTP/1.1" 200 12 "-" "Mozilla/5.0 (Windows NT 10.0; Win64; x64) AppleWebKit/537.36 (KHTML, like Gecko) Chrome/115.0.0.0 Safari/537.36"
::1 - - [09/Aug/2023:02:52:17 +0000] "GET /users?name=ng HTTP/1.1" 200 454 "-" "Mozilla/5.0 (Windows NT 10.0; Win64; x64) AppleWebKit/537.36 (KHTML, like Gecko) Chrome/115.0.0.0 Safari/537.36"
::1 - - [09/Aug/2023:02:52:48 +0000] "GET /users?name=ng HTTP/1.1" 304 - "-" "Mozilla/5.0 (Windows NT 10.0; Win64; x64) AppleWebKit/537.36 (KHTML, like Gecko) Chrome/115.0.0.0 Safari/537.36"
::1 - - [09/Aug/2023:02:53:08 +0000] "GET /users?name=ng HTTP/1.1" 500 1175 "-" "Mozilla/5.0 (Windows NT 10.0; Win64; x64) AppleWebKit/537.36 (KHTML, like Gecko) Chrome/115.0.0.0 Safari/537.36"
::1 - - [09/Aug/2023:02:53:21 +0000] "GET /users?name=ng HTTP/1.1" 200 454 "-" "Mozilla/5.0 (Windows NT 10.0; Win64; x64) AppleWebKit/537.36 (KHTML, like Gecko) Chrome/115.0.0.0 Safari/537.36"
::1 - - [09/Aug/2023:02:54:12 +0000] "GET /users?name=ng HTTP/1.1" 304 - "-" "Mozilla/5.0 (Windows NT 10.0; Win64; x64) AppleWebKit/537.36 (KHTML, like Gecko) Chrome/115.0.0.0 Safari/537.36"
::1 - - [09/Aug/2023:02:55:11 +0000] "GET /users?name=ng HTTP/1.1" 304 - "-" "Mozilla/5.0 (Windows NT 10.0; Win64; x64) AppleWebKit/537.36 (KHTML, like Gecko) Chrome/115.0.0.0 Safari/537.36"
::1 - - [09/Aug/2023:02:55:25 +0000] "GET /users?name=ng HTTP/1.1" 304 - "-" "Mozilla/5.0 (Windows NT 10.0; Win64; x64) AppleWebKit/537.36 (KHTML, like Gecko) Chrome/115.0.0.0 Safari/537.36"
::1 - - [09/Aug/2023:02:55:40 +0000] "GET /users?name=ng HTTP/1.1" 200 12 "-" "Mozilla/5.0 (Windows NT 10.0; Win64; x64) AppleWebKit/537.36 (KHTML, like Gecko) Chrome/115.0.0.0 Safari/537.36"
::1 - - [09/Aug/2023:02:56:10 +0000] "GET /users?name=ng HTTP/1.1" 200 454 "-" "Mozilla/5.0 (Windows NT 10.0; Win64; x64) AppleWebKit/537.36 (KHTML, like Gecko) Chrome/115.0.0.0 Safari/537.36"
::1 - - [09/Aug/2023:02:57:04 +0000] "GET /users?name=ng HTTP/1.1" 200 12 "-" "Mozilla/5.0 (Windows NT 10.0; Win64; x64) AppleWebKit/537.36 (KHTML, like Gecko) Chrome/115.0.0.0 Safari/537.36"
::1 - - [09/Aug/2023:02:57:45 +0000] "GET /users?name=ng HTTP/1.1" 200 454 "-" "Mozilla/5.0 (Windows NT 10.0; Win64; x64) AppleWebKit/537.36 (KHTML, like Gecko) Chrome/115.0.0.0 Safari/537.36"
::1 - - [09/Aug/2023:03:03:10 +0000] "GET /users?name=ng HTTP/1.1" 500 2 "-" "Mozilla/5.0 (Windows NT 10.0; Win64; x64) AppleWebKit/537.36 (KHTML, like Gecko) Chrome/115.0.0.0 Safari/537.36"
::1 - - [09/Aug/2023:03:07:21 +0000] "GET /users?name=s HTTP/1.1" 500 2 "-" "PostmanRuntime/7.29.0"
::1 - - [09/Aug/2023:03:08:10 +0000] "GET /users?name=s HTTP/1.1" 500 195 "-" "PostmanRuntime/7.29.0"
::1 - - [09/Aug/2023:03:08:31 +0000] "GET /users?name=ng HTTP/1.1" 200 454 "-" "Mozilla/5.0 (Windows NT 10.0; Win64; x64) AppleWebKit/537.36 (KHTML, like Gecko) Chrome/115.0.0.0 Safari/537.36"
::1 - - [09/Aug/2023:03:19:45 +0000] "GET /users?name=s%27 HTTP/1.1" 500 177 "-" "PostmanRuntime/7.29.0"
::1 - - [09/Aug/2023:03:19:48 +0000] "GET /users?name=s HTTP/1.1" 200 416 "-" "PostmanRuntime/7.29.0"
::1 - - [09/Aug/2023:03:19:51 +0000] "GET /users?name=s%27 HTTP/1.1" 500 177 "-" "PostmanRuntime/7.29.0"
::1 - - [09/Aug/2023:03:19:56 +0000] "GET /users?name=s HTTP/1.1" 200 416 "-" "PostmanRuntime/7.29.0"
::1 - - [09/Aug/2023:03:20:32 +0000] "GET /users?name=s%27 HTTP/1.1" 500 177 "-" "PostmanRuntime/7.29.0"
::1 - - [09/Aug/2023:03:20:34 +0000] "GET /users?name=s%27 HTTP/1.1" 500 177 "-" "PostmanRuntime/7.29.0"
::1 - - [09/Aug/2023:03:20:36 +0000] "GET /users?name=s%27 HTTP/1.1" 500 177 "-" "PostmanRuntime/7.29.0"
::1 - - [09/Aug/2023:03:22:19 +0000] "GET /users?name=s%27 HTTP/1.1" 500 177 "-" "PostmanRuntime/7.29.0"
::1 - - [09/Aug/2023:03:24:04 +0000] "GET /users?name=ng HTTP/1.1" 304 - "-" "Mozilla/5.0 (Windows NT 10.0; Win64; x64) AppleWebKit/537.36 (KHTML, like Gecko) Chrome/115.0.0.0 Safari/537.36"
::1 - - [09/Aug/2023:03:24:07 +0000] "GET /users?name=s%27 HTTP/1.1" 500 177 "-" "PostmanRuntime/7.29.0"
::1 - - [09/Aug/2023:03:32:27 +0000] "GET /users?name=s%27 HTTP/1.1" 500 1215 "-" "PostmanRuntime/7.29.0"
::1 - - [09/Aug/2023:03:32:54 +0000] "GET /users?name=s%27 HTTP/1.1" 200 213 "-" "PostmanRuntime/7.29.0"
::1 - - [09/Aug/2023:03:33:43 +0000] "GET /users?name=s%27 HTTP/1.1" 200 213 "-" "PostmanRuntime/7.29.0"
::1 - - [09/Aug/2023:03:33:46 +0000] "GET /users?name=s%27 HTTP/1.1" 200 213 "-" "PostmanRuntime/7.29.0"
::1 - - [09/Aug/2023:03:33:46 +0000] "GET /users?name=s%27 HTTP/1.1" 200 213 "-" "PostmanRuntime/7.29.0"
::1 - - [09/Aug/2023:03:33:46 +0000] "GET /users?name=s%27 HTTP/1.1" 200 213 "-" "PostmanRuntime/7.29.0"
::1 - - [09/Aug/2023:03:42:00 +0000] "GET /users HTTP/1.1" 200 12 "-" "PostmanRuntime/7.29.0"
::1 - - [09/Aug/2023:03:52:08 +0000] "GET /users HTTP/1.1" 200 1085 "-" "PostmanRuntime/7.29.0"
::1 - - [09/Aug/2023:03:52:59 +0000] "GET /users?name=s%27 HTTP/1.1" 500 1221 "-" "PostmanRuntime/7.29.0"
::1 - - [09/Aug/2023:03:54:03 +0000] "GET /users?name=s%27 HTTP/1.1" 500 1221 "-" "PostmanRuntime/7.29.0"
::1 - - [09/Aug/2023:03:55:11 +0000] "GET /users HTTP/1.1" 200 1085 "-" "PostmanRuntime/7.29.0"
::1 - - [09/Aug/2023:03:55:53 +0000] "GET /users?name=s%27 HTTP/1.1" 500 189 "-" "PostmanRuntime/7.29.0"
::1 - - [09/Aug/2023:03:57:55 +0000] "GET /users?name=s%27 HTTP/1.1" 200 213 "-" "PostmanRuntime/7.29.0"
::1 - - [09/Aug/2023:03:59:32 +0000] "GET /users?name=s%27 HTTP/1.1" 500 1220 "-" "PostmanRuntime/7.29.0"
::1 - - [09/Aug/2023:03:59:49 +0000] "GET /users?name=s%27 HTTP/1.1" 200 213 "-" "PostmanRuntime/7.29.0"
::1 - - [09/Aug/2023:08:07:51 +0000] "GET /users?name=s%27 HTTP/1.1" 200 213 "-" "PostmanRuntime/7.29.0"
::1 - - [09/Aug/2023:08:10:38 +0000] "GET /users?name=s%27 HTTP/1.1" 200 213 "-" "PostmanRuntime/7.29.0"
::1 - - [09/Aug/2023:08:10:45 +0000] "GET /users?name=s%27 HTTP/1.1" 200 213 "-" "PostmanRuntime/7.29.0"
::1 - - [09/Aug/2023:08:10:50 +0000] "GET /users HTTP/1.1" 200 1085 "-" "PostmanRuntime/7.29.0"
::1 - - [09/Aug/2023:08:22:58 +0000] "GET /users?page=1?limit=2 HTTP/1.1" 200 1085 "-" "PostmanRuntime/7.29.0"
::1 - - [09/Aug/2023:08:23:45 +0000] "GET /users?page=1&limit=2 HTTP/1.1" 200 1085 "-" "PostmanRuntime/7.29.0"
::1 - - [09/Aug/2023:09:04:18 +0000] "GET /users?page=1&limit=2 HTTP/1.1" 500 186 "-" "PostmanRuntime/7.29.0"
::1 - - [09/Aug/2023:09:04:30 +0000] "GET /?page=1&limit=2 HTTP/1.1" 404 139 "-" "PostmanRuntime/7.29.0"
::1 - - [09/Aug/2023:09:04:40 +0000] "GET /?page=1&limit=2 HTTP/1.1" 404 139 "-" "PostmanRuntime/7.29.0"
::1 - - [09/Aug/2023:09:05:07 +0000] "GET /?limit=2 HTTP/1.1" 404 139 "-" "PostmanRuntime/7.29.0"
::1 - - [09/Aug/2023:09:05:30 +0000] "GET /users?limit=2 HTTP/1.1" 500 186 "-" "PostmanRuntime/7.29.0"
::1 - - [09/Aug/2023:09:05:52 +0000] "GET /users?limit=2 HTTP/1.1" 500 186 "-" "PostmanRuntime/7.29.0"
::1 - - [09/Aug/2023:09:05:56 +0000] "GET /users?limit=1 HTTP/1.1" 500 186 "-" "PostmanRuntime/7.29.0"
::1 - - [09/Aug/2023:09:07:01 +0000] "GET /users?limit=1 HTTP/1.1" 500 186 "-" "PostmanRuntime/7.29.0"
::1 - - [09/Aug/2023:09:07:35 +0000] "GET /users?limit=1 HTTP/1.1" 200 250 "-" "PostmanRuntime/7.29.0"
::1 - - [09/Aug/2023:09:07:45 +0000] "GET /users?limit=4 HTTP/1.1" 200 883 "-" "PostmanRuntime/7.29.0"
::1 - - [09/Aug/2023:09:08:02 +0000] "GET /users?page=1&limit=2 HTTP/1.1" 200 486 "-" "PostmanRuntime/7.29.0"
::1 - - [09/Aug/2023:09:23:45 +0000] "GET /users?page=1&limit=2g HTTP/1.1" 500 40 "-" "PostmanRuntime/7.29.0"
::1 - - [09/Aug/2023:09:31:14 +0000] "GET /users?page=1&limit=2g HTTP/1.1" 500 40 "-" "PostmanRuntime/7.29.0"
::1 - - [09/Aug/2023:09:31:17 +0000] "GET /users?page=1&limit=2 HTTP/1.1" 500 40 "-" "PostmanRuntime/7.29.0"
::1 - - [09/Aug/2023:09:31:20 +0000] "GET /users?page=1&limit=2 HTTP/1.1" 500 40 "-" "PostmanRuntime/7.29.0"
::1 - - [09/Aug/2023:09:31:21 +0000] "GET /users?page=1&limit=2 HTTP/1.1" 500 40 "-" "PostmanRuntime/7.29.0"
::1 - - [09/Aug/2023:09:31:28 +0000] "GET /users?page=1&limit=2 HTTP/1.1" 500 40 "-" "PostmanRuntime/7.29.0"
::1 - - [09/Aug/2023:09:31:28 +0000] "GET /users?page=1&limit=2 HTTP/1.1" 500 40 "-" "PostmanRuntime/7.29.0"
::1 - - [09/Aug/2023:09:31:32 +0000] "GET /users?page=1 HTTP/1.1" 500 40 "-" "PostmanRuntime/7.29.0"
::1 - - [09/Aug/2023:09:31:36 +0000] "GET /users?&limit=2 HTTP/1.1" 500 40 "-" "PostmanRuntime/7.29.0"
::1 - - [09/Aug/2023:09:31:37 +0000] "GET /users?&limit=2 HTTP/1.1" 500 40 "-" "PostmanRuntime/7.29.0"
::1 - - [09/Aug/2023:09:31:38 +0000] "GET /users?&limit=2 HTTP/1.1" 500 40 "-" "PostmanRuntime/7.29.0"
::1 - - [09/Aug/2023:09:31:38 +0000] "GET /users?&limit=2 HTTP/1.1" 500 40 "-" "PostmanRuntime/7.29.0"
::1 - - [09/Aug/2023:09:31:38 +0000] "GET /users?&limit=2 HTTP/1.1" 500 40 "-" "PostmanRuntime/7.29.0"
::1 - - [09/Aug/2023:09:31:58 +0000] "GET /users?&limit=2 HTTP/1.1" 500 40 "-" "PostmanRuntime/7.29.0"
::1 - - [09/Aug/2023:09:32:51 +0000] "GET /users?&limit=2 HTTP/1.1" 500 40 "-" "PostmanRuntime/7.29.0"
::1 - - [09/Aug/2023:09:32:52 +0000] "GET /users?&limit=2 HTTP/1.1" 500 40 "-" "PostmanRuntime/7.29.0"
::1 - - [09/Aug/2023:09:32:52 +0000] "GET /users?&limit=2 HTTP/1.1" 500 40 "-" "PostmanRuntime/7.29.0"
::1 - - [09/Aug/2023:09:32:53 +0000] "GET /users?&limit=2 HTTP/1.1" 500 40 "-" "PostmanRuntime/7.29.0"
::1 - - [09/Aug/2023:09:32:55 +0000] "GET /users?&limit=2d HTTP/1.1" 500 40 "-" "PostmanRuntime/7.29.0"
::1 - - [09/Aug/2023:09:32:57 +0000] "GET /users?&limit=2dd HTTP/1.1" 500 40 "-" "PostmanRuntime/7.29.0"
::1 - - [09/Aug/2023:09:33:01 +0000] "GET /users?&limit=2 HTTP/1.1" 500 40 "-" "PostmanRuntime/7.29.0"
::1 - - [09/Aug/2023:09:33:59 +0000] "GET /users?page=1&limit=2 HTTP/1.1" 500 40 "-" "PostmanRuntime/7.29.0"
::1 - - [09/Aug/2023:09:34:24 +0000] "GET /users?page=1&limit=2 HTTP/1.1" 200 486 "-" "PostmanRuntime/7.29.0"
::1 - - [09/Aug/2023:09:34:29 +0000] "GET /users?page=1&limit=1 HTTP/1.1" 200 250 "-" "PostmanRuntime/7.29.0"
::1 - - [09/Aug/2023:09:34:48 +0000] "GET /users?page=1&limit=1 HTTP/1.1" 500 40 "-" "PostmanRuntime/7.29.0"
::1 - - [09/Aug/2023:09:36:14 +0000] "GET /users?page=1&limit=1 HTTP/1.1" 500 53 "-" "PostmanRuntime/7.29.0"
::1 - - [09/Aug/2023:09:36:16 +0000] "GET /users?page=1&limit=1 HTTP/1.1" 500 53 "-" "PostmanRuntime/7.29.0"
::1 - - [09/Aug/2023:09:36:17 +0000] "GET /users?page=1&limit=1 HTTP/1.1" 500 53 "-" "PostmanRuntime/7.29.0"
::1 - - [09/Aug/2023:09:36:17 +0000] "GET /users?page=1&limit=1 HTTP/1.1" 500 53 "-" "PostmanRuntime/7.29.0"
::1 - - [09/Aug/2023:09:36:17 +0000] "GET /users?page=1&limit=1 HTTP/1.1" 500 53 "-" "PostmanRuntime/7.29.0"
::1 - - [09/Aug/2023:09:36:20 +0000] "GET /users?page=1&limit=1 HTTP/1.1" 500 53 "-" "PostmanRuntime/7.29.0"
::1 - - [09/Aug/2023:09:36:21 +0000] "GET /users?page=1&limit=1 HTTP/1.1" 500 53 "-" "PostmanRuntime/7.29.0"
::1 - - [09/Aug/2023:09:36:35 +0000] "GET /users?page=1&limit=1 HTTP/1.1" 500 40 "-" "PostmanRuntime/7.29.0"
::1 - - [09/Aug/2023:09:37:35 +0000] "GET /users?page=1&limit=1 HTTP/1.1" 500 40 "-" "PostmanRuntime/7.29.0"
::1 - - [09/Aug/2023:09:37:37 +0000] "GET /users?page=1&limit=1 HTTP/1.1" 500 40 "-" "PostmanRuntime/7.29.0"
::1 - - [09/Aug/2023:09:37:40 +0000] "GET /users?page=1&limit=1 HTTP/1.1" 500 40 "-" "PostmanRuntime/7.29.0"
::1 - - [09/Aug/2023:09:39:57 +0000] "GET /users?page=1&limit=1 HTTP/1.1" 500 40 "-" "PostmanRuntime/7.29.0"
::1 - - [09/Aug/2023:09:39:59 +0000] "GET /users?page=1&limit=1 HTTP/1.1" 500 40 "-" "PostmanRuntime/7.29.0"
::1 - - [09/Aug/2023:09:40:00 +0000] "GET /users?page=1&limit=1 HTTP/1.1" 500 40 "-" "PostmanRuntime/7.29.0"
::1 - - [09/Aug/2023:09:40:01 +0000] "GET /users?page=1&limit=1 HTTP/1.1" 500 40 "-" "PostmanRuntime/7.29.0"
::1 - - [09/Aug/2023:09:40:45 +0000] "GET /users?page=1&limit=1 HTTP/1.1" 500 40 "-" "PostmanRuntime/7.29.0"
::1 - - [09/Aug/2023:09:42:14 +0000] "GET /users?page=1&limit=1 HTTP/1.1" 500 40 "-" "PostmanRuntime/7.29.0"
::1 - - [09/Aug/2023:09:42:15 +0000] "GET /users?page=1&limit=1 HTTP/1.1" 500 40 "-" "PostmanRuntime/7.29.0"
::1 - - [09/Aug/2023:09:42:16 +0000] "GET /users?page=1&limit=1 HTTP/1.1" 500 40 "-" "PostmanRuntime/7.29.0"
::1 - - [09/Aug/2023:09:42:33 +0000] "GET /users?page=1&limit=1 HTTP/1.1" 500 40 "-" "PostmanRuntime/7.29.0"
::1 - - [09/Aug/2023:09:43:18 +0000] "GET /users?page=1&limit=1 HTTP/1.1" 200 250 "-" "PostmanRuntime/7.29.0"
::1 - - [09/Aug/2023:09:43:31 +0000] "GET /users?page=1&limit=2 HTTP/1.1" 200 486 "-" "PostmanRuntime/7.29.0"
::1 - - [09/Aug/2023:09:45:02 +0000] "GET /users/1 HTTP/1.1" - - "-" "PostmanRuntime/7.29.0"
::1 - - [09/Aug/2023:09:56:50 +0000] "GET /users/1 HTTP/1.1" 500 1217 "-" "PostmanRuntime/7.29.0"
::1 - - [09/Aug/2023:09:56:55 +0000] "GET /users/3 HTTP/1.1" 500 1217 "-" "PostmanRuntime/7.29.0"
::1 - - [09/Aug/2023:09:56:56 +0000] "GET /users/3 HTTP/1.1" 500 1217 "-" "PostmanRuntime/7.29.0"
::1 - - [09/Aug/2023:09:58:34 +0000] "GET /users/3 HTTP/1.1" 500 1217 "-" "PostmanRuntime/7.29.0"
::1 - - [09/Aug/2023:09:59:52 +0000] "GET /users/3 HTTP/1.1" 200 12 "-" "PostmanRuntime/7.29.0"
::1 - - [09/Aug/2023:10:00:15 +0000] "GET /users/4 HTTP/1.1" 200 12 "-" "PostmanRuntime/7.29.0"
::1 - - [09/Aug/2023:10:00:27 +0000] "GET /users/4 HTTP/1.1" 200 247 "-" "PostmanRuntime/7.29.0"
::1 - - [09/Aug/2023:10:00:57 +0000] "GET /users/4 HTTP/1.1" 200 247 "-" "PostmanRuntime/7.29.0"
::1 - - [09/Aug/2023:10:01:19 +0000] "GET /users/4 HTTP/1.1" 200 247 "-" "PostmanRuntime/7.29.0"
::1 - - [09/Aug/2023:10:01:51 +0000] "GET /users/4 HTTP/1.1" 200 247 "-" "PostmanRuntime/7.29.0"
::1 - - [09/Aug/2023:10:01:57 +0000] "GET /users/3 HTTP/1.1" 200 250 "-" "PostmanRuntime/7.29.0"
::1 - - [09/Aug/2023:10:09:57 +0000] "GET /users/3g HTTP/1.1" 200 250 "-" "PostmanRuntime/7.29.0"
::1 - - [09/Aug/2023:10:10:04 +0000] "GET /users/8 HTTP/1.1" 200 12 "-" "PostmanRuntime/7.29.0"
::1 - - [09/Aug/2023:10:16:58 +0000] "DELETE /users/8 HTTP/1.1" 200 12 "-" "PostmanRuntime/7.29.0"
::1 - - [09/Aug/2023:10:17:08 +0000] "DELETE /users/3 HTTP/1.1" 200 250 "-" "PostmanRuntime/7.29.0"
::1 - - [09/Aug/2023:10:17:12 +0000] "DELETE /users/3 HTTP/1.1" 200 250 "-" "PostmanRuntime/7.29.0"
::1 - - [09/Aug/2023:10:18:07 +0000] "DELETE /users/3 HTTP/1.1" 200 250 "-" "PostmanRuntime/7.29.0"
::1 - - [09/Aug/2023:10:18:10 +0000] "DELETE /users/3 HTTP/1.1" 200 250 "-" "PostmanRuntime/7.29.0"
::1 - - [09/Aug/2023:10:18:20 +0000] "DELETE /users/3 HTTP/1.1" 200 250 "-" "PostmanRuntime/7.29.0"
::1 - - [09/Aug/2023:10:20:46 +0000] "DELETE /users/3 HTTP/1.1" 200 250 "-" "PostmanRuntime/7.29.0"
::1 - - [09/Aug/2023:10:20:47 +0000] "DELETE /users/3 HTTP/1.1" 200 250 "-" "PostmanRuntime/7.29.0"
::1 - - [09/Aug/2023:10:21:14 +0000] "DELETE /users/3 HTTP/1.1" 200 250 "-" "PostmanRuntime/7.29.0"
::1 - - [09/Aug/2023:10:21:19 +0000] "DELETE /users/3s HTTP/1.1" 200 250 "-" "PostmanRuntime/7.29.0"
::1 - - [09/Aug/2023:10:21:26 +0000] "DELETE /users/5 HTTP/1.1" 200 12 "-" "PostmanRuntime/7.29.0"
::1 - - [09/Aug/2023:10:21:32 +0000] "DELETE /users/3 HTTP/1.1" 200 250 "-" "PostmanRuntime/7.29.0"
::1 - - [09/Aug/2023:10:21:33 +0000] "DELETE /users/3 HTTP/1.1" 200 250 "-" "PostmanRuntime/7.29.0"
::1 - - [09/Aug/2023:10:21:34 +0000] "DELETE /users/3 HTTP/1.1" 200 250 "-" "PostmanRuntime/7.29.0"
::1 - - [09/Aug/2023:10:21:35 +0000] "DELETE /users/3 HTTP/1.1" 200 250 "-" "PostmanRuntime/7.29.0"
::1 - - [09/Aug/2023:10:21:43 +0000] "GET /users?name=ng HTTP/1.1" 500 40 "-" "Mozilla/5.0 (Windows NT 10.0; Win64; x64) AppleWebKit/537.36 (KHTML, like Gecko) Chrome/115.0.0.0 Safari/537.36"
::1 - - [09/Aug/2023:10:21:49 +0000] "DELETE /users/3 HTTP/1.1" 200 250 "-" "PostmanRuntime/7.29.0"
::1 - - [09/Aug/2023:10:22:32 +0000] "DELETE /users/3 HTTP/1.1" 200 250 "-" "PostmanRuntime/7.29.0"
::1 - - [09/Aug/2023:10:22:34 +0000] "DELETE /users/3 HTTP/1.1" 200 250 "-" "PostmanRuntime/7.29.0"
::1 - - [09/Aug/2023:10:22:43 +0000] "DELETE /users/3 HTTP/1.1" 200 250 "-" "PostmanRuntime/7.29.0"
::1 - - [09/Aug/2023:10:22:44 +0000] "DELETE /users/3 HTTP/1.1" 200 250 "-" "PostmanRuntime/7.29.0"
::1 - - [09/Aug/2023:10:23:06 +0000] "DELETE /users/3 HTTP/1.1" 200 250 "-" "PostmanRuntime/7.29.0"
::1 - - [09/Aug/2023:10:23:25 +0000] "DELETE /users/3 HTTP/1.1" 200 250 "-" "PostmanRuntime/7.29.0"
::1 - - [09/Aug/2023:10:23:26 +0000] "DELETE /users/3 HTTP/1.1" 200 250 "-" "PostmanRuntime/7.29.0"
::1 - - [09/Aug/2023:10:23:26 +0000] "DELETE /users/3 HTTP/1.1" 200 250 "-" "PostmanRuntime/7.29.0"
::1 - - [09/Aug/2023:10:23:30 +0000] "DELETE /users/3d HTTP/1.1" 200 250 "-" "PostmanRuntime/7.29.0"
::1 - - [09/Aug/2023:10:23:32 +0000] "DELETE /users/3d HTTP/1.1" 200 250 "-" "PostmanRuntime/7.29.0"
::1 - - [09/Aug/2023:10:23:36 +0000] "DELETE /users/0 HTTP/1.1" 200 12 "-" "PostmanRuntime/7.29.0"
::1 - - [09/Aug/2023:10:23:36 +0000] "DELETE /users/0 HTTP/1.1" 200 12 "-" "PostmanRuntime/7.29.0"
::1 - - [09/Aug/2023:10:23:40 +0000] "DELETE /users/3 HTTP/1.1" 200 250 "-" "PostmanRuntime/7.29.0"
::1 - - [09/Aug/2023:10:23:40 +0000] "DELETE /users/3 HTTP/1.1" 200 250 "-" "PostmanRuntime/7.29.0"
::1 - - [09/Aug/2023:10:25:35 +0000] "DELETE /users/3 HTTP/1.1" 200 250 "-" "PostmanRuntime/7.29.0"
::1 - - [09/Aug/2023:10:25:36 +0000] "DELETE /users/3 HTTP/1.1" 200 250 "-" "PostmanRuntime/7.29.0"
::1 - - [09/Aug/2023:10:25:36 +0000] "DELETE /users/3 HTTP/1.1" 200 250 "-" "PostmanRuntime/7.29.0"
::1 - - [09/Aug/2023:10:25:38 +0000] "DELETE /users/3 HTTP/1.1" 200 250 "-" "PostmanRuntime/7.29.0"
::1 - - [09/Aug/2023:10:29:27 +0000] "DELETE /users/3 HTTP/1.1" - - "-" "PostmanRuntime/7.29.0"
::1 - - [09/Aug/2023:10:29:34 +0000] "DELETE /users/3 HTTP/1.1" - - "-" "PostmanRuntime/7.29.0"
::1 - - [09/Aug/2023:10:30:34 +0000] "DELETE /users/3 HTTP/1.1" 204 - "-" "PostmanRuntime/7.29.0"
::1 - - [09/Aug/2023:10:31:50 +0000] "DELETE /users/4 HTTP/1.1" 204 - "-" "PostmanRuntime/7.29.0"
::1 - - [09/Aug/2023:10:32:59 +0000] "DELETE /users/4 HTTP/1.1" 204 - "-" "PostmanRuntime/7.29.0"
::1 - - [09/Aug/2023:10:34:12 +0000] "DELETE /users/4 HTTP/1.1" 204 - "-" "PostmanRuntime/7.29.0"
::1 - - [09/Aug/2023:10:34:44 +0000] "DELETE /users/4 HTTP/1.1" 204 - "-" "PostmanRuntime/7.29.0"
::1 - - [09/Aug/2023:10:34:48 +0000] "DELETE /users/4 HTTP/1.1" 204 - "-" "PostmanRuntime/7.29.0"
::1 - - [09/Aug/2023:10:35:26 +0000] "DELETE /users/4 HTTP/1.1" 204 - "-" "PostmanRuntime/7.29.0"
